\BOOKMARK [0][-]{chapter.1}{Compilation}{}% 1
\BOOKMARK [1][-]{section.1.1}{Pour faire du postscript}{chapter.1}% 2
\BOOKMARK [1][-]{section.1.2}{Pour faire des pdf}{chapter.1}% 3
\BOOKMARK [0][-]{chapter.2}{Math\303\251matiques}{}% 4
\BOOKMARK [1][-]{section.2.1}{Principe}{chapter.2}% 5
\BOOKMARK [1][-]{section.2.2}{\311quations }{chapter.2}% 6
\BOOKMARK [2][-]{subsection.2.2.1}{\300 la vol\303\251e, dans le corps du texte}{section.2.2}% 7
\BOOKMARK [2][-]{subsection.2.2.2}{Belles \303\251quations, avec numero et tout et tout}{section.2.2}% 8
\BOOKMARK [0][-]{chapter.3}{Les figures}{}% 9
\BOOKMARK [0][-]{chapter.4}{Tableaux}{}% 10
\BOOKMARK [1][-]{section.4.1}{Les bases}{chapter.4}% 11
\BOOKMARK [2][-]{subsection.4.1.1}{Les colonnes}{section.4.1}% 12
\BOOKMARK [2][-]{subsection.4.1.2}{Les lignes de s\303\251paration}{section.4.1}% 13
\BOOKMARK [2][-]{subsection.4.1.3}{Les cases paragraphe}{section.4.1}% 14
\BOOKMARK [1][-]{section.4.2}{Les chevauchements}{chapter.4}% 15
\BOOKMARK [2][-]{subsection.4.2.1}{Les chevauchements de colonne}{section.4.2}% 16
\BOOKMARK [2][-]{subsection.4.2.2}{Les chevauchements de Ligne}{section.4.2}% 17
\BOOKMARK [1][-]{section.4.3}{Les tables trop classe}{chapter.4}% 18
\BOOKMARK [0][-]{chapter.5}{Petits trucs}{}% 19
\BOOKMARK [1][-]{section.5.1}{Les listes}{chapter.5}% 20
